0 info it worked if it ends with ok
1 verbose cli [ '/usr/local/bin/node',
1 verbose cli   '/Users/chineduetoh/Desktop/Lagos Guy/Driver/node_modules/npm/bin/npm-cli.js',
1 verbose cli   'uninstall',
1 verbose cli   'cordova-ios',
1 verbose cli   '--save' ]
2 info using npm@2.15.12
3 info using node@v8.11.2
4 verbose unbuild node_modules/cordova-ios
5 info preuninstall cordova-ios@4.5.4
6 info uninstall cordova-ios@4.5.4
7 verbose unbuild rmStuff cordova-ios@4.5.4 from /Users/chineduetoh/Desktop/Lagos Guy/Driver/node_modules
8 info postuninstall cordova-ios@4.5.4
9 silly gentlyRm /Users/chineduetoh/Desktop/Lagos Guy/Driver/node_modules/cordova-ios is being purged from base /Users/chineduetoh/Desktop/Lagos Guy/Driver
10 verbose gentlyRm don't care about contents; nuking /Users/chineduetoh/Desktop/Lagos Guy/Driver/node_modules/cordova-ios
11 silly vacuum-fs purging /Users/chineduetoh/Desktop/Lagos Guy/Driver/node_modules/cordova-ios
12 verbose stack Error: EACCES: permission denied, unlink '/Users/chineduetoh/Desktop/Lagos Guy/Driver/node_modules/cordova-ios/node_modules/.bin/nopt'
13 verbose cwd /Users/chineduetoh/Desktop/Lagos Guy/Driver
14 error Darwin 17.6.0
15 error argv "/usr/local/bin/node" "/Users/chineduetoh/Desktop/Lagos Guy/Driver/node_modules/npm/bin/npm-cli.js" "uninstall" "cordova-ios" "--save"
16 error node v8.11.2
17 error npm  v2.15.12
18 error path /Users/chineduetoh/Desktop/Lagos Guy/Driver/node_modules/cordova-ios/node_modules/.bin/nopt
19 error code EACCES
20 error errno -13
21 error syscall unlink
22 error Error: EACCES: permission denied, unlink '/Users/chineduetoh/Desktop/Lagos Guy/Driver/node_modules/cordova-ios/node_modules/.bin/nopt'
22 error  { Error: EACCES: permission denied, unlink '/Users/chineduetoh/Desktop/Lagos Guy/Driver/node_modules/cordova-ios/node_modules/.bin/nopt'
22 error   errno: -13,
22 error   code: 'EACCES',
22 error   syscall: 'unlink',
22 error   path: '/Users/chineduetoh/Desktop/Lagos Guy/Driver/node_modules/cordova-ios/node_modules/.bin/nopt' }
23 error Please try running this command again as root/Administrator.
24 verbose exit [ -13, true ]
